<?xml version="1.0" encoding="UTF-8"?>
<!-- Generated by org.testng.reporters.JUnitReportReporter -->
<testsuite name="suite1.TestClass2" tests="4" time="0.003" ignored="0" failures="0" timestamp="26 Feb 2018 03:43:28 GMT" skipped="0" hostname="LM-SJN-21001716" errors="0">
  <testcase name="test8" time="0.001" classname="suite1.TestClass2"/>
  <testcase name="test6" time="0.000" classname="suite1.TestClass2"/>
  <testcase name="test5" time="0.001" classname="suite1.TestClass2"/>
  <testcase name="test7" time="0.001" classname="suite1.TestClass2"/>
</testsuite> <!-- suite1.TestClass2 -->
