<?xml version="1.0" encoding="UTF-8"?>
<!-- Generated by org.testng.reporters.JUnitReportReporter -->
<testsuite name="suite2.TestClass4" tests="4" time="0.003" ignored="0" failures="0" timestamp="26 Feb 2018 03:43:28 GMT" skipped="0" hostname="LM-SJN-21001716" errors="0">
  <testcase name="test15" time="0.001" classname="suite2.TestClass4"/>
  <testcase name="test13" time="0.001" classname="suite2.TestClass4"/>
  <testcase name="test16" time="0.000" classname="suite2.TestClass4"/>
  <testcase name="test14" time="0.001" classname="suite2.TestClass4"/>
</testsuite> <!-- suite2.TestClass4 -->
